/home/shreeya/gs_slam/install/gslam_bot/lib/python3.10/site-packages/gslam_bot/simple_node.py
/home/shreeya/gs_slam/install/gslam_bot/lib/python3.10/site-packages/gslam_bot/__init__.py
/home/shreeya/gs_slam/install/gslam_bot/lib/python3.10/site-packages/gslam_bot/__pycache__/simple_node.cpython-310.pyc
/home/shreeya/gs_slam/install/gslam_bot/lib/python3.10/site-packages/gslam_bot/__pycache__/__init__.cpython-310.pyc
/home/shreeya/gs_slam/install/gslam_bot/share/ament_index/resource_index/packages/gslam_bot
/home/shreeya/gs_slam/install/gslam_bot/share/gslam_bot/package.xml
/home/shreeya/gs_slam/install/gslam_bot/share/gslam_bot/urdf/two_wheel_robot.urdf.xacro
/home/shreeya/gs_slam/install/gslam_bot/share/gslam_bot/config/slam_toolbox_params.yaml
/home/shreeya/gs_slam/install/gslam_bot/share/gslam_bot/config/diff_drive_controllers.yaml
/home/shreeya/gs_slam/install/gslam_bot/share/gslam_bot/launch/launch_robot.launch.py
/home/shreeya/gs_slam/install/gslam_bot/share/gslam_bot/launch/slam.launch.py
/home/shreeya/gs_slam/install/gslam_bot/share/gslam_bot/launch/gazebo.launch.py
/home/shreeya/gs_slam/install/gslam_bot/share/gslam_bot/launch/display_robot.launch.py
/home/shreeya/gs_slam/install/gslam_bot/share/gslam_bot/worlds/empty_world.world
/home/shreeya/gs_slam/install/gslam_bot/lib/python3.10/site-packages/gslam_bot-0.0.1-py3.10.egg-info/top_level.txt
/home/shreeya/gs_slam/install/gslam_bot/lib/python3.10/site-packages/gslam_bot-0.0.1-py3.10.egg-info/zip-safe
/home/shreeya/gs_slam/install/gslam_bot/lib/python3.10/site-packages/gslam_bot-0.0.1-py3.10.egg-info/entry_points.txt
/home/shreeya/gs_slam/install/gslam_bot/lib/python3.10/site-packages/gslam_bot-0.0.1-py3.10.egg-info/SOURCES.txt
/home/shreeya/gs_slam/install/gslam_bot/lib/python3.10/site-packages/gslam_bot-0.0.1-py3.10.egg-info/dependency_links.txt
/home/shreeya/gs_slam/install/gslam_bot/lib/python3.10/site-packages/gslam_bot-0.0.1-py3.10.egg-info/PKG-INFO
/home/shreeya/gs_slam/install/gslam_bot/lib/python3.10/site-packages/gslam_bot-0.0.1-py3.10.egg-info/requires.txt
